> --------------------------------
 Flamberge of Shock (l45)
Durability: 50 of 50
[50] +7 lightning damage
> --------------------------------
 Flamberge of the Leech (l45)
Durability: 50 of 50
[60] 5% Life stolen per hit
> --------------------------------
Warrior's Flamberge of Blight (l45)
Durability: 50 of 50
[17] +37% Enhanced Damage
[19] +54 to Attack Rating
[57] +7 poison damage over 3 seconds
> --------------------------------
Triumphant Flamberge  (l45)
Durability: 50 of 50
[138] +1 to Mana After Each Kill
> --------------------------------
Sharp Great Sword of Frost (l45)
Durability: 50 of 50
[17] +13% Enhanced Damage
[19] +14 to Attack Rating
[54] +2 cold damage
> --------------------------------
 Flamberge of Lightning (l45)
Durability: 50 of 50
[50] +12 lightning damage
> --------------------------------
Horadric Cube
> --------------------------------
Shael
> --------------------------------
[268] Bul Katho's Wedding Band (l99)
[11] +50 to Maximum Stamina
[60] 3% Life stolen per hit
[127] +1 to All Skill Levels
[216] +4 to Life (Based on Character Level)
> --------------------------------
Azure Girdle(H) of the Fox (l99)
Base Defense: 10
Durability: 24 of 24
[7] +8 to Life
[43] Cold Resist +8%
> --------------------------------
[36] Sigon's Visor (l49)
Base Defense: 34
Durability: 32 of 40
[9] +30 to Mana
[31] +25 Defense
> --------------------------------
[35] Sigon's Gage (l69)
Base Defense: 15
Durability: 15 of 24
[0] +10 to Strength
[19] +20 to Attack Rating
> --------------------------------
[122] Naj's Circlet (l87)
Base Defense: 29
Durability: 31 of 35
[0] +15 to Strength
[31] +75 Defense
[48] +60 fire damage
[89] +5 to Light Radius
[201] 12% Chance to cast Level 5 53 when struck
> --------------------------------
[111] Tearhaunch (l49)
Base Defense: 16
Durability: 24 of 24
[0] +5 to Strength
[2] +5 to Dexterity
[16] +74% Enhanced Defense
[31] +35 Defense
[39] Fire Resist +10%
[41] Lightning Resist +10%
[43] Cold Resist +10%
[45] Poison Resist +10%
[96] 20% Faster Run/Walk
[107] +2 to Skill(115) (??? Only)
> --------------------------------
[122] Naj's Circlet (l87)
Base Defense: 29
Durability: 31 of 35
[0] +15 to Strength
[31] +75 Defense
[48] +60 fire damage
[89] +5 to Light Radius
[201] 12% Chance to cast Level 5 53 when struck
> --------------------------------
[36] Sigon's Visor (l49)
Base Defense: 34
Durability: 32 of 40
[9] +30 to Mana
[31] +25 Defense
> --------------------------------
[35] Sigon's Gage (l69)
Base Defense: 15
Durability: 15 of 24
[0] +10 to Strength
[19] +20 to Attack Rating
> --------------------------------
[68] Aldur's Gauntlet (l49)
Durability: 57 of 72
[21] +40 to Minimum Damage
[22] +62 to Maximum Damage
[50] +125 lightning damage
[60] 10% Life stolen per hit
[62] 5% Mana stolen per hit
[93] 30% Increased Attack Speed
[121] 200% Damage to Demons
Socketed(2)
> --------------------------------
[209] The Spirit Shroud (l40)
Base Defense: 118
Durability: 14 of 20
[16] +150% Enhanced Defense
[35] Magic Damage Reduced by 11
[74] Replenish Life +10
[127] +1 to All Skill Levels
[153] Cannot Be Frozen
> --------------------------------
[209] The Spirit Shroud (l40)
Base Defense: 118
Durability: 14 of 20
[16] +150% Enhanced Defense
[35] Magic Damage Reduced by 11
[74] Replenish Life +10
[127] +1 to All Skill Levels
[153] Cannot Be Frozen
> --------------------------------
[35] Sigon's Gage (l69)
Base Defense: 15
Durability: 15 of 24
[0] +10 to Strength
[19] +20 to Attack Rating
> --------------------------------
[36] Sigon's Visor (l49)
Base Defense: 34
Durability: 32 of 40
[9] +30 to Mana
[31] +25 Defense
> --------------------------------
[209] The Spirit Shroud (l40)
Base Defense: 118
Durability: 14 of 20
[16] +150% Enhanced Defense
[35] Magic Damage Reduced by 11
[74] Replenish Life +10
[127] +1 to All Skill Levels
[153] Cannot Be Frozen
> --------------------------------
[35] Sigon's Gage (l69)
Base Defense: 15
Durability: 15 of 24
[0] +10 to Strength
[19] +20 to Attack Rating
> --------------------------------
[36] Sigon's Visor (l49)
Base Defense: 34
Durability: 32 of 40
[9] +30 to Mana
[31] +25 Defense
> --------------------------------
[68] Aldur's Gauntlet (l49)
Durability: 57 of 72
[21] +40 to Minimum Damage
[22] +62 to Maximum Damage
[50] +125 lightning damage
[60] 10% Life stolen per hit
[62] 5% Mana stolen per hit
[93] 30% Increased Attack Speed
[121] 200% Damage to Demons
Socketed(2)
> --------------------------------
Saintly Light Gauntlets  (l45)
Base Defense: 12
Durability: 18 of 18
[16] +68% Enhanced Defense
> --------------------------------
Saintly Girdle(H) of Balance (l45)
Base Defense: 12
Durability: 24 of 24
[16] +67% Enhanced Defense
[99] 10% Faster Hit Recovery
> --------------------------------
 Girdle(H) of Spikes (l45)
Base Defense: 9
Durability: 24 of 24
[78] Attacker Takes Damage of 6
> --------------------------------
Merciless Crystal Sword of Nova (l45)
Durability: 20 of 20
[17] +82% Enhanced Damage
[198] 10% Chance to cast Level 3 48 on striking
> --------------------------------
Triumphant Flamberge  (l45)
Durability: 50 of 50
[138] +1 to Mana After Each Kill
> --------------------------------
 Flamberge of the Leech (l45)
Durability: 50 of 50
[60] 5% Life stolen per hit
* --------------------------------
Zircon Jewel of Bliss (l66)
[9] +8 to Mana
[21] +7 to Minimum Damage
[23] +7 to Minimum Damage
[159] +7 to Minimum Damage
