* --------------------------------
Lucky Charm Large of Substinence (l85)
[7] +21 to Life
[80] 5% Better Chance of Getting Magic Items
* --------------------------------
Boreal Charm Small  (l85)
[54] +17 cold damage
> --------------------------------
Identify Book
> --------------------------------
Town Portal Book
> --------------------------------
Skeleton Key
> --------------------------------
Skeleton Key
> --------------------------------
Flawless Diamond
> --------------------------------
Flawless Diamond
> --------------------------------
Flawless Skull
* --------------------------------
Lucky Charm Large of Substinence (l85)
[7] +21 to Life
[80] 5% Better Chance of Getting Magic Items
* --------------------------------
Boreal Charm Small  (l85)
[54] +17 cold damage
* --------------------------------
[359] Gheed's Fortune (l86)
[79] 95% Extra Gold from Monsters
[80] 33% Better Chance of Getting Magic Items
[87] Reduces All Vendor Prices 11%
* --------------------------------
Garnet Charm Small of Substinence (l85)
[7] +13 to Life
[39] Fire Resist +8%
* --------------------------------
 Jewel of Prosperity (l55)
[80] 9% Better Chance of Getting Magic Items
> --------------------------------
[381] Annihilus (l99)
[0] +18 to Strength
[1] +18 to Energy
[2] +18 to Dexterity
[3] +18 to Vitality
[39] Fire Resist +17%
[41] Lightning Resist +17%
[43] Cold Resist +17%
[45] Poison Resist +17%
[85] +10% to Experience Gained
[127] +1 to All Skill Levels
> --------------------------------
Steel Charm Medium  (l85)
[19] +72 to Attack Rating
> --------------------------------
[275] Raven Frost (l86)
[2] +20 to Dexterity
[9] +40 to Mana
[19] +162 to Attack Rating
[54] +60 cold damage
[148] 20% Cold Absorb
[153] Cannot Be Frozen
> --------------------------------
Perfect Ruby
* --------------------------------
Garnet Charm Small of Substinence (l85)
[7] +13 to Life
[39] Fire Resist +8%
* --------------------------------
Lucky Charm Large of Substinence (l85)
[7] +21 to Life
[80] 5% Better Chance of Getting Magic Items
